{"/Users/fehapolo/Downloads/sistema-de-agendamentos/src/domain/entities/appointment.ts": {"path":"/Users/fehapolo/Downloads/sistema-de-agendamentos/src/domain/entities/appointment.ts","all":false,"statementMap":{"0":{"start":{"line":1,"column":0},"end":{"line":1,"column":26}},"7":{"start":{"line":8,"column":0},"end":{"line":8,"column":14}},"8":{"start":{"line":9,"column":0},"end":{"line":9,"column":15}},"9":{"start":{"line":10,"column":0},"end":{"line":10,"column":20}},"10":{"start":{"line":11,"column":0},"end":{"line":11,"column":19}},"11":{"start":{"line":12,"column":0},"end":{"line":12,"column":21}},"12":{"start":{"line":13,"column":0},"end":{"line":13,"column":14}},"13":{"start":{"line":14,"column":0},"end":{"line":14,"column":5}},"14":{"start":{"line":15,"column":0},"end":{"line":15,"column":17}},"15":{"start":{"line":16,"column":0},"end":{"line":16,"column":27}},"16":{"start":{"line":17,"column":0},"end":{"line":17,"column":25}},"17":{"start":{"line":18,"column":0},"end":{"line":18,"column":29}},"18":{"start":{"line":19,"column":0},"end":{"line":19,"column":21}},"19":{"start":{"line":20,"column":0},"end":{"line":20,"column":3}},"20":{"start":{"line":21,"column":0},"end":{"line":21,"column":1}}},"s":{"0":1,"7":1,"8":9,"9":9,"10":9,"11":9,"12":9,"13":9,"14":9,"15":9,"16":9,"17":9,"18":9,"19":9,"20":1},"branchMap":{"0":{"type":"branch","line":8,"loc":{"start":{"line":8,"column":2},"end":{"line":20,"column":3}},"locations":[{"start":{"line":8,"column":2},"end":{"line":20,"column":3}}]}},"b":{"0":[9]},"fnMap":{"0":{"name":"Appointment","decl":{"start":{"line":8,"column":2},"end":{"line":20,"column":3}},"loc":{"start":{"line":8,"column":2},"end":{"line":20,"column":3}},"line":8}},"f":{"0":9}}
,"/Users/fehapolo/Downloads/sistema-de-agendamentos/src/domain/repositories/appointments-repository.ts": {"path":"/Users/fehapolo/Downloads/sistema-de-agendamentos/src/domain/repositories/appointments-repository.ts","all":true,"statementMap":{},"s":{},"branchMap":{"0":{"type":"branch","line":1,"loc":{"start":{"line":1,"column":170},"end":{"line":6,"column":1}},"locations":[{"start":{"line":1,"column":170},"end":{"line":6,"column":1}}]}},"b":{"0":[1]},"fnMap":{"0":{"name":"(empty-report)","decl":{"start":{"line":1,"column":170},"end":{"line":6,"column":1}},"loc":{"start":{"line":1,"column":170},"end":{"line":6,"column":1}},"line":1}},"f":{"0":1}}
,"/Users/fehapolo/Downloads/sistema-de-agendamentos/src/domain/repositories/in-memory/in-memory-appointments-repository.ts": {"path":"/Users/fehapolo/Downloads/sistema-de-agendamentos/src/domain/repositories/in-memory/in-memory-appointments-repository.ts","all":false,"statementMap":{"3":{"start":{"line":4,"column":0},"end":{"line":4,"column":79}},"4":{"start":{"line":5,"column":0},"end":{"line":5,"column":42}},"6":{"start":{"line":7,"column":0},"end":{"line":7,"column":42}},"7":{"start":{"line":8,"column":0},"end":{"line":8,"column":40}},"8":{"start":{"line":9,"column":0},"end":{"line":9,"column":3}},"10":{"start":{"line":11,"column":0},"end":{"line":11,"column":29}},"11":{"start":{"line":12,"column":0},"end":{"line":12,"column":29}},"12":{"start":{"line":13,"column":0},"end":{"line":13,"column":3}},"13":{"start":{"line":14,"column":0},"end":{"line":14,"column":1}}},"s":{"3":1,"4":7,"6":1,"7":9,"8":9,"10":1,"11":14,"12":14,"13":1},"branchMap":{"0":{"type":"branch","line":4,"loc":{"start":{"line":4,"column":7},"end":{"line":5,"column":42}},"locations":[{"start":{"line":4,"column":7},"end":{"line":5,"column":42}}]},"1":{"type":"branch","line":7,"loc":{"start":{"line":7,"column":2},"end":{"line":9,"column":3}},"locations":[{"start":{"line":7,"column":2},"end":{"line":9,"column":3}}]},"2":{"type":"branch","line":11,"loc":{"start":{"line":11,"column":2},"end":{"line":13,"column":3}},"locations":[{"start":{"line":11,"column":2},"end":{"line":13,"column":3}}]}},"b":{"0":[7],"1":[9],"2":[14]},"fnMap":{"0":{"name":"InMemoryAppointmentsRepository","decl":{"start":{"line":4,"column":7},"end":{"line":5,"column":42}},"loc":{"start":{"line":4,"column":7},"end":{"line":5,"column":42}},"line":4},"1":{"name":"create","decl":{"start":{"line":7,"column":2},"end":{"line":9,"column":3}},"loc":{"start":{"line":7,"column":2},"end":{"line":9,"column":3}},"line":7},"2":{"name":"findMany","decl":{"start":{"line":11,"column":2},"end":{"line":13,"column":3}},"loc":{"start":{"line":11,"column":2},"end":{"line":13,"column":3}},"line":11}},"f":{"0":7,"1":9,"2":14}}
,"/Users/fehapolo/Downloads/sistema-de-agendamentos/src/domain/use-cases/create-appointment.ts": {"path":"/Users/fehapolo/Downloads/sistema-de-agendamentos/src/domain/use-cases/create-appointment.ts","all":false,"statementMap":{"0":{"start":{"line":1,"column":0},"end":{"line":1,"column":54}},"2":{"start":{"line":3,"column":0},"end":{"line":3,"column":76}},"3":{"start":{"line":4,"column":0},"end":{"line":4,"column":78}},"16":{"start":{"line":17,"column":0},"end":{"line":17,"column":39}},"17":{"start":{"line":18,"column":0},"end":{"line":18,"column":72}},"19":{"start":{"line":20,"column":0},"end":{"line":20,"column":87}},"20":{"start":{"line":21,"column":0},"end":{"line":21,"column":27}},"21":{"start":{"line":22,"column":0},"end":{"line":22,"column":50}},"22":{"start":{"line":23,"column":0},"end":{"line":23,"column":42}},"23":{"start":{"line":24,"column":0},"end":{"line":24,"column":5}},"25":{"start":{"line":26,"column":0},"end":{"line":26,"column":64}},"26":{"start":{"line":27,"column":0},"end":{"line":27,"column":126}},"28":{"start":{"line":29,"column":0},"end":{"line":29,"column":19}},"29":{"start":{"line":30,"column":0},"end":{"line":30,"column":41}},"30":{"start":{"line":31,"column":0},"end":{"line":31,"column":5}},"32":{"start":{"line":33,"column":0},"end":{"line":33,"column":76}},"33":{"start":{"line":34,"column":0},"end":{"line":34,"column":109}},"35":{"start":{"line":36,"column":0},"end":{"line":36,"column":52}},"37":{"start":{"line":38,"column":0},"end":{"line":38,"column":27}},"38":{"start":{"line":39,"column":0},"end":{"line":39,"column":3}},"39":{"start":{"line":40,"column":0},"end":{"line":40,"column":1}}},"s":{"0":1,"2":1,"3":1,"16":1,"17":1,"19":1,"20":11,"21":11,"22":1,"23":1,"25":10,"26":10,"28":11,"29":1,"30":1,"32":9,"33":9,"35":9,"37":9,"38":11,"39":1},"branchMap":{"0":{"type":"branch","line":18,"loc":{"start":{"line":18,"column":2},"end":{"line":18,"column":72}},"locations":[{"start":{"line":18,"column":2},"end":{"line":18,"column":72}}]},"1":{"type":"branch","line":20,"loc":{"start":{"line":20,"column":2},"end":{"line":39,"column":3}},"locations":[{"start":{"line":20,"column":2},"end":{"line":39,"column":3}}]},"2":{"type":"branch","line":22,"loc":{"start":{"line":22,"column":49},"end":{"line":24,"column":5}},"locations":[{"start":{"line":22,"column":49},"end":{"line":24,"column":5}}]},"3":{"type":"branch","line":24,"loc":{"start":{"line":24,"column":4},"end":{"line":29,"column":18}},"locations":[{"start":{"line":24,"column":4},"end":{"line":29,"column":18}}]},"4":{"type":"branch","line":29,"loc":{"start":{"line":29,"column":18},"end":{"line":31,"column":5}},"locations":[{"start":{"line":29,"column":18},"end":{"line":31,"column":5}}]},"5":{"type":"branch","line":31,"loc":{"start":{"line":31,"column":4},"end":{"line":38,"column":27}},"locations":[{"start":{"line":31,"column":4},"end":{"line":38,"column":27}}]},"6":{"type":"branch","line":27,"loc":{"start":{"line":27,"column":39},"end":{"line":27,"column":124}},"locations":[{"start":{"line":27,"column":39},"end":{"line":27,"column":124}}]},"7":{"type":"branch","line":27,"loc":{"start":{"line":27,"column":88},"end":{"line":27,"column":124}},"locations":[{"start":{"line":27,"column":88},"end":{"line":27,"column":124}}]}},"b":{"0":[7],"1":[11],"2":[1],"3":[10],"4":[1],"5":[9],"6":[5],"7":[3]},"fnMap":{"0":{"name":"CreateAppointmentUseCase","decl":{"start":{"line":18,"column":2},"end":{"line":18,"column":72}},"loc":{"start":{"line":18,"column":2},"end":{"line":18,"column":72}},"line":18},"1":{"name":"execute","decl":{"start":{"line":20,"column":2},"end":{"line":39,"column":3}},"loc":{"start":{"line":20,"column":2},"end":{"line":39,"column":3}},"line":20}},"f":{"0":7,"1":11}}
,"/Users/fehapolo/Downloads/sistema-de-agendamentos/src/domain/use-cases/edit-appointment.ts": {"path":"/Users/fehapolo/Downloads/sistema-de-agendamentos/src/domain/use-cases/edit-appointment.ts","all":false,"statementMap":{"2":{"start":{"line":3,"column":0},"end":{"line":3,"column":76}},"16":{"start":{"line":17,"column":0},"end":{"line":17,"column":54}},"18":{"start":{"line":19,"column":0},"end":{"line":19,"column":37}},"19":{"start":{"line":20,"column":0},"end":{"line":20,"column":72}},"21":{"start":{"line":22,"column":0},"end":{"line":22,"column":69}},"22":{"start":{"line":23,"column":0},"end":{"line":23,"column":64}},"23":{"start":{"line":24,"column":0},"end":{"line":24,"column":70}},"25":{"start":{"line":26,"column":0},"end":{"line":26,"column":23}},"26":{"start":{"line":27,"column":0},"end":{"line":27,"column":43}},"27":{"start":{"line":28,"column":0},"end":{"line":28,"column":5}},"29":{"start":{"line":30,"column":0},"end":{"line":30,"column":53}},"30":{"start":{"line":31,"column":0},"end":{"line":31,"column":65}},"33":{"start":{"line":34,"column":0},"end":{"line":34,"column":39}},"34":{"start":{"line":35,"column":0},"end":{"line":35,"column":108}},"35":{"start":{"line":36,"column":0},"end":{"line":36,"column":6}},"37":{"start":{"line":38,"column":0},"end":{"line":38,"column":19}},"38":{"start":{"line":39,"column":0},"end":{"line":39,"column":41}},"39":{"start":{"line":40,"column":0},"end":{"line":40,"column":5}},"41":{"start":{"line":42,"column":0},"end":{"line":42,"column":65}},"42":{"start":{"line":43,"column":0},"end":{"line":43,"column":62}},"43":{"start":{"line":44,"column":0},"end":{"line":44,"column":39}},"44":{"start":{"line":45,"column":0},"end":{"line":45,"column":31}},"46":{"start":{"line":47,"column":0},"end":{"line":47,"column":27}},"47":{"start":{"line":48,"column":0},"end":{"line":48,"column":3}},"48":{"start":{"line":49,"column":0},"end":{"line":49,"column":1}}},"s":{"2":1,"16":1,"18":1,"19":1,"21":1,"22":2,"23":2,"25":2,"26":1,"27":1,"29":2,"30":2,"33":2,"34":2,"35":2,"37":2,"38":1,"39":1,"41":0,"42":2,"43":2,"44":2,"46":2,"47":2,"48":1},"branchMap":{"0":{"type":"branch","line":20,"loc":{"start":{"line":20,"column":2},"end":{"line":20,"column":72}},"locations":[{"start":{"line":20,"column":2},"end":{"line":20,"column":72}}]},"1":{"type":"branch","line":22,"loc":{"start":{"line":22,"column":2},"end":{"line":48,"column":3}},"locations":[{"start":{"line":22,"column":2},"end":{"line":48,"column":3}}]},"2":{"type":"branch","line":26,"loc":{"start":{"line":26,"column":22},"end":{"line":30,"column":36}},"locations":[{"start":{"line":26,"column":22},"end":{"line":30,"column":36}}]},"3":{"type":"branch","line":30,"loc":{"start":{"line":30,"column":28},"end":{"line":30,"column":53}},"locations":[{"start":{"line":30,"column":28},"end":{"line":30,"column":53}}]},"4":{"type":"branch","line":31,"loc":{"start":{"line":31,"column":32},"end":{"line":31,"column":65}},"locations":[{"start":{"line":31,"column":32},"end":{"line":31,"column":65}}]},"5":{"type":"branch","line":38,"loc":{"start":{"line":38,"column":18},"end":{"line":40,"column":5}},"locations":[{"start":{"line":38,"column":18},"end":{"line":40,"column":5}}]},"6":{"type":"branch","line":40,"loc":{"start":{"line":40,"column":4},"end":{"line":42,"column":65}},"locations":[{"start":{"line":40,"column":4},"end":{"line":42,"column":65}}]},"7":{"type":"branch","line":43,"loc":{"start":{"line":43,"column":33},"end":{"line":43,"column":62}},"locations":[{"start":{"line":43,"column":33},"end":{"line":43,"column":62}}]},"8":{"type":"branch","line":24,"loc":{"start":{"line":24,"column":42},"end":{"line":24,"column":68}},"locations":[{"start":{"line":24,"column":42},"end":{"line":24,"column":68}}]},"9":{"type":"branch","line":35,"loc":{"start":{"line":35,"column":6},"end":{"line":35,"column":108}},"locations":[{"start":{"line":35,"column":6},"end":{"line":35,"column":108}}]}},"b":{"0":[2],"1":[2],"2":[1],"3":[0],"4":[0],"5":[1],"6":[0],"7":[0],"8":[2],"9":[1]},"fnMap":{"0":{"name":"EditAppointmentUseCase","decl":{"start":{"line":20,"column":2},"end":{"line":20,"column":72}},"loc":{"start":{"line":20,"column":2},"end":{"line":20,"column":72}},"line":20},"1":{"name":"execute","decl":{"start":{"line":22,"column":2},"end":{"line":48,"column":3}},"loc":{"start":{"line":22,"column":2},"end":{"line":48,"column":3}},"line":22}},"f":{"0":2,"1":2}}
,"/Users/fehapolo/Downloads/sistema-de-agendamentos/src/domain/use-cases/list-employee-day-appointments.ts": {"path":"/Users/fehapolo/Downloads/sistema-de-agendamentos/src/domain/use-cases/list-employee-day-appointments.ts","all":false,"statementMap":{"10":{"start":{"line":11,"column":0},"end":{"line":11,"column":49}},"11":{"start":{"line":12,"column":0},"end":{"line":12,"column":72}},"13":{"start":{"line":14,"column":0},"end":{"line":14,"column":48}},"14":{"start":{"line":15,"column":0},"end":{"line":15,"column":64}},"16":{"start":{"line":17,"column":0},"end":{"line":17,"column":39}},"17":{"start":{"line":18,"column":0},"end":{"line":18,"column":23}},"18":{"start":{"line":19,"column":0},"end":{"line":19,"column":14}},"19":{"start":{"line":20,"column":0},"end":{"line":20,"column":42}},"20":{"start":{"line":21,"column":0},"end":{"line":21,"column":38}},"21":{"start":{"line":22,"column":0},"end":{"line":22,"column":41}},"22":{"start":{"line":23,"column":0},"end":{"line":23,"column":40}},"24":{"start":{"line":25,"column":0},"end":{"line":25,"column":7}},"25":{"start":{"line":26,"column":0},"end":{"line":26,"column":3}},"26":{"start":{"line":27,"column":0},"end":{"line":27,"column":1}}},"s":{"10":1,"11":1,"13":1,"14":2,"16":2,"17":4,"18":4,"19":4,"20":3,"21":2,"22":2,"24":2,"25":2,"26":1},"branchMap":{"0":{"type":"branch","line":12,"loc":{"start":{"line":12,"column":2},"end":{"line":12,"column":72}},"locations":[{"start":{"line":12,"column":2},"end":{"line":12,"column":72}}]},"1":{"type":"branch","line":14,"loc":{"start":{"line":14,"column":2},"end":{"line":26,"column":3}},"locations":[{"start":{"line":14,"column":2},"end":{"line":26,"column":3}}]},"2":{"type":"branch","line":17,"loc":{"start":{"line":17,"column":31},"end":{"line":25,"column":5}},"locations":[{"start":{"line":17,"column":31},"end":{"line":25,"column":5}}]},"3":{"type":"branch","line":20,"loc":{"start":{"line":20,"column":31},"end":{"line":21,"column":38}},"locations":[{"start":{"line":20,"column":31},"end":{"line":21,"column":38}}]},"4":{"type":"branch","line":21,"loc":{"start":{"line":21,"column":32},"end":{"line":22,"column":41}},"locations":[{"start":{"line":21,"column":32},"end":{"line":22,"column":41}}]},"5":{"type":"branch","line":22,"loc":{"start":{"line":22,"column":33},"end":{"line":23,"column":40}},"locations":[{"start":{"line":22,"column":33},"end":{"line":23,"column":40}}]}},"b":{"0":[2],"1":[2],"2":[4],"3":[3],"4":[2],"5":[2]},"fnMap":{"0":{"name":"ListEmployeeDayAppointmentsUseCase","decl":{"start":{"line":12,"column":2},"end":{"line":12,"column":72}},"loc":{"start":{"line":12,"column":2},"end":{"line":12,"column":72}},"line":12},"1":{"name":"execute","decl":{"start":{"line":14,"column":2},"end":{"line":26,"column":3}},"loc":{"start":{"line":14,"column":2},"end":{"line":26,"column":3}},"line":14}},"f":{"0":2,"1":2}}
,"/Users/fehapolo/Downloads/sistema-de-agendamentos/src/domain/use-cases/errors/date-already-booked-error.ts": {"path":"/Users/fehapolo/Downloads/sistema-de-agendamentos/src/domain/use-cases/errors/date-already-booked-error.ts","all":false,"statementMap":{"0":{"start":{"line":1,"column":0},"end":{"line":1,"column":52}}},"s":{"0":1},"branchMap":{},"b":{},"fnMap":{},"f":{}}
,"/Users/fehapolo/Downloads/sistema-de-agendamentos/src/domain/use-cases/errors/past-date-scheduling-error.ts": {"path":"/Users/fehapolo/Downloads/sistema-de-agendamentos/src/domain/use-cases/errors/past-date-scheduling-error.ts","all":false,"statementMap":{"0":{"start":{"line":1,"column":0},"end":{"line":1,"column":53}}},"s":{"0":1},"branchMap":{},"b":{},"fnMap":{},"f":{}}
}
